<?xml version="1.0" encoding="UTF-8"?>
<!-- Generated by org.testng.reporters.JUnitReportReporter -->
<testsuite skipped="0" hostname="Dell-2014NOV" name="HelloMaven.MavenDemo1" tests="1" failures="0" timestamp="15 Aug 2018 04:22:48 GMT" time="0.000" errors="0">
  <testcase name="testHello" time="0.000" classname="HelloMaven.MavenDemo1"/>
</testsuite> <!-- HelloMaven.MavenDemo1 -->
