<?xml version="1.0" encoding="UTF-8"?>
<!-- Generated by org.testng.reporters.JUnitReportReporter -->
<testsuite skipped="0" hostname="Dell-2014NOV" name="HelloMaven.Upload_EdurekaPhoto" tests="2" failures="0" timestamp="15 Aug 2018 21:43:55 GMT" time="48.240" errors="0">
  <testcase name="test_userLogin" time="13.857" classname="HelloMaven.Upload_EdurekaPhoto"/>
  <testcase name="test_uploadProfilePhoto" time="34.383" classname="HelloMaven.Upload_EdurekaPhoto"/>
</testsuite> <!-- HelloMaven.Upload_EdurekaPhoto -->
