<?xml version="1.0" encoding="UTF-8"?>
<!-- Generated by org.testng.reporters.JUnitReportReporter -->
<testsuite skipped="0" hostname="Dell-2014NOV" name="HelloMaven.Test1_RestApiBasicForJson" tests="5" failures="0" timestamp="01 Sep 2018 12:19:13 GMT" time="5.969" errors="0">
  <testcase name="testHasItemsMethod" time="0.305" classname="HelloMaven.Test1_RestApiBasicForJson"/>
  <testcase name="testParameters" time="0.235" classname="HelloMaven.Test1_RestApiBasicForJson"/>
  <testcase name="testEqualToMethod" time="4.961" classname="HelloMaven.Test1_RestApiBasicForJson"/>
  <testcase name="testStatusCode" time="0.187" classname="HelloMaven.Test1_RestApiBasicForJson"/>
  <testcase name="testLogging" time="0.281" classname="HelloMaven.Test1_RestApiBasicForJson"/>
</testsuite> <!-- HelloMaven.Test1_RestApiBasicForJson -->
