<?xml version="1.0" encoding="UTF-8"?>
<!-- Generated by org.testng.reporters.JUnitReportReporter -->
<testsuite skipped="0" hostname="Dell-2014NOV" name="edurekatest.NewTest" tests="1" failures="0" timestamp="15 Aug 2018 10:47:18 GMT" time="5.577" errors="0">
  <testcase name="testEasy" time="5.577" classname="edurekatest.NewTest"/>
</testsuite> <!-- edurekatest.NewTest -->
