<?xml version="1.0" encoding="UTF-8"?>
<!-- Generated by org.testng.reporters.JUnitReportReporter -->
<testsuite skipped="0" hostname="Dell-2014NOV" name="HelloMaven.UploadProfilePhoto" tests="2" failures="0" timestamp="15 Aug 2018 11:36:22 GMT" time="44.691" errors="0">
  <testcase name="test_userLogin" time="10.772" classname="HelloMaven.UploadProfilePhoto"/>
  <testcase name="test_uploadProfilePhoto" time="33.919" classname="HelloMaven.UploadProfilePhoto"/>
</testsuite> <!-- HelloMaven.UploadProfilePhoto -->
