<?xml version="1.0" encoding="UTF-8"?>
<!-- Generated by org.testng.reporters.JUnitReportReporter -->
<testsuite skipped="0" hostname="Dell-2014NOV" name="HelloMaven.Test1_RestApiBasicForJson" tests="5" failures="0" timestamp="01 Sep 2018 12:21:16 GMT" time="5.756" errors="0">
  <testcase name="testParameters" time="0.203" classname="HelloMaven.Test1_RestApiBasicForJson"/>
  <testcase name="testStatusCode" time="0.156" classname="HelloMaven.Test1_RestApiBasicForJson"/>
  <testcase name="testLogging" time="0.266" classname="HelloMaven.Test1_RestApiBasicForJson"/>
  <testcase name="testEqualToMethod" time="4.803" classname="HelloMaven.Test1_RestApiBasicForJson"/>
  <testcase name="testHasItemsMethod" time="0.328" classname="HelloMaven.Test1_RestApiBasicForJson"/>
</testsuite> <!-- HelloMaven.Test1_RestApiBasicForJson -->
